{"name": "test_3", "status": "failed", "statusDetails": {"message": "AssertionError: assert False", "trace": "@pytest.mark.run(order=1)\n    def test_3():\n        print(\"this is 3rd Test\")\n        baseUrl = \"https://courses.letskodeit.com/practice\"\n        driver = webdriver.Chrome()\n        driver.maximize_window()\n        driver.get(baseUrl)\n        row = len(driver.find_elements(By.XPATH,'//*[@id=\"product\"]/tbody/tr'))\n        print(row)\n>       assert False\nE       assert False\n\nday1basics\\test_day9.py:35: AssertionError"}, "start": 1656568532954, "stop": 1656568558399, "uuid": "53055566-db5a-4877-969c-07c3c99e36e9", "historyId": "bade08dad8d8951ee2406a738cc10a51", "testCaseId": "d89078f814d48d82b57cf8cc5f3cab4b", "fullName": "day1basics.test_day9#test_3", "labels": [{"name": "tag", "value": "run(order=1)"}, {"name": "parentSuite", "value": "day1basics"}, {"name": "suite", "value": "test_day9"}, {"name": "host", "value": "DESKTOP-D6FQT73"}, {"name": "thread", "value": "13264-MainThread"}, {"name": "framework", "value": "pytest"}, {"name": "language", "value": "cpython3"}, {"name": "package", "value": "day1basics.test_day9"}]}